<?xml version="1.0" encoding="UTF-8"?>
<!-- Generated by org.testng.reporters.JUnitReportReporter -->
<testsuite hostname="LAPTOP-RBDFPJS2" failures="0" tests="2" name="TestNgPack1.TestClass_1" time="0.012" errors="0" timestamp="2023-01-25T12:50:29 IST" skipped="0">
  <testcase classname="TestNgPack1.TestClass_1" name="test2" time="0.003"/>
  <system-out/>
  <testcase classname="TestNgPack1.TestClass_1" name="test1" time="0.009"/>
  <system-out/>
</testsuite> <!-- TestNgPack1.TestClass_1 -->
