<?xml version="1.0" encoding="UTF-8"?>
<!-- Generated by org.testng.reporters.JUnitReportReporter -->
<testsuite hostname="LAPTOP-RBDFPJS2" failures="0" tests="1" name="TestNgPack.TestNgClass" time="0.010" errors="0" timestamp="2023-01-17T15:26:48 IST" skipped="0">
  <testcase classname="TestNgPack.TestNgClass" name="test" time="0.010"/>
  <system-out/>
</testsuite> <!-- TestNgPack.TestNgClass -->
