<?xml version="1.0" encoding="UTF-8"?>
<!-- Generated by org.testng.reporters.JUnitReportReporter -->
<testsuite hostname="LAPTOP-RBDFPJS2" failures="0" tests="2" name="TestNgPack1.TestClass_2" time="0.003" errors="0" timestamp="2023-01-25T12:47:52 IST" skipped="0">
  <testcase classname="TestNgPack1.TestClass_2" name="testA" time="0.002"/>
  <system-out/>
  <testcase classname="TestNgPack1.TestClass_2" name="testB" time="0.001"/>
  <system-out/>
</testsuite> <!-- TestNgPack1.TestClass_2 -->
