<?xml version="1.0" encoding="UTF-8"?>
<!-- Generated by org.testng.reporters.JUnitReportReporter -->
<testsuite hostname="LAPTOP-RBDFPJS2" failures="0" tests="5" name="TestNgPack.HeenaKachhoeAssertUse" time="27.203" errors="0" timestamp="2023-02-02T09:40:38 IST" skipped="0">
  <testcase classname="TestNgPack.HeenaKachhoeAssertUse" name="test2" time="5.329"/>
  <system-out/>
  <testcase classname="TestNgPack.HeenaKachhoeAssertUse" name="test1" time="9.169"/>
  <system-out/>
  <testcase classname="TestNgPack.HeenaKachhoeAssertUse" name="test3" time="4.149"/>
  <system-out/>
  <testcase classname="TestNgPack.HeenaKachhoeAssertUse" name="test4" time="4.485"/>
  <system-out/>
  <testcase classname="TestNgPack.HeenaKachhoeAssertUse" name="test5" time="4.071"/>
  <system-out/>
</testsuite> <!-- TestNgPack.HeenaKachhoeAssertUse -->
